<?xml version="1.0" encoding="UTF-8"?>
<!-- Generated by org.testng.reporters.JUnitXMLReporter -->
<testsuite hostname="Lenovo" failures="0" tests="1" name="C" time="12.779" errors="0" timestamp="14 Jan 2023 14:35:24 GMT">
  <testcase classname="test.Actitime_login_logout" name="@BeforeMethod setup" time="0.0">
    <failure type="org.openqa.selenium.SessionNotCreatedException" message="session not created: This version of Microsoft Edge WebDriver only supports Microsoft Edge version 106
Current browser version is 109.0.1518.52 with binary path C:\Program Files (x86)\Microsoft\Edge\Application\msedge.exe
  (Driver info: msedgedriver=106.0.1370.47 (4e0bb7311a0aef386b78ea449062b0dc1fb738fe),platform=Windows NT 6.3.9600 x86_64) (WARNING: The server did not provide any stacktrace information)
Command duration or timeout: 12.10 seconds
Build info: version: &amp;apos;2.52.0&amp;apos;, revision: &amp;apos;4c2593c&amp;apos;, time: &amp;apos;2016-02-11 19:06:42&amp;apos;
System info: host: &amp;apos;Lenovo&amp;apos;, ip: &amp;apos;192.168.199.1&amp;apos;, os.name: &amp;apos;Windows 8.1&amp;apos;, os.arch: &amp;apos;amd64&amp;apos;, os.version: &amp;apos;6.3&amp;apos;, java.version: &amp;apos;17.0.2&amp;apos;
Driver info: org.openqa.selenium.edge.EdgeDriver">
      <![CDATA[org.openqa.selenium.SessionNotCreatedException: session not created: This version of Microsoft Edge WebDriver only supports Microsoft Edge version 106
Current browser version is 109.0.1518.52 with binary path C:\Program Files (x86)\Microsoft\Edge\Application\msedge.exe
  (Driver info: msedgedriver=106.0.1370.47 (4e0bb7311a0aef386b78ea449062b0dc1fb738fe),platform=Windows NT 6.3.9600 x86_64) (WARNING: The server did not provide any stacktrace information)
Command duration or timeout: 12.10 seconds
Build info: version: '2.52.0', revision: '4c2593c', time: '2016-02-11 19:06:42'
System info: host: 'Lenovo', ip: '192.168.199.1', os.name: 'Windows 8.1', os.arch: 'amd64', os.version: '6.3', java.version: '17.0.2'
Driver info: org.openqa.selenium.edge.EdgeDriver
	at org.openqa.selenium.remote.ErrorHandler.createThrowable(ErrorHandler.java:206)
	at org.openqa.selenium.remote.ErrorHandler.throwIfResponseFailed(ErrorHandler.java:158)
	at org.openqa.selenium.remote.RemoteWebDriver.execute(RemoteWebDriver.java:678)
	at org.openqa.selenium.remote.RemoteWebDriver.startSession(RemoteWebDriver.java:249)
	at org.openqa.selenium.remote.RemoteWebDriver.<init>(RemoteWebDriver.java:131)
	at org.openqa.selenium.remote.RemoteWebDriver.<init>(RemoteWebDriver.java:144)
	at org.openqa.selenium.edge.EdgeDriver.<init>(EdgeDriver.java:152)
	at org.openqa.selenium.edge.EdgeDriver.<init>(EdgeDriver.java:141)
	at org.openqa.selenium.edge.EdgeDriver.<init>(EdgeDriver.java:98)
	at generics.Base_test_with_for_crossBrowser_testing.setup(Base_test_with_for_crossBrowser_testing.java:46)
... Removed 31 stack frames]]>
    </failure>
  </testcase> <!-- @BeforeMethod setup -->
  <testcase classname="test.Actitime_login_logout" name="@AfterMethod logoutfromapp" time="0.0">
    <skipped/>
  </testcase> <!-- @AfterMethod logoutfromapp -->
  <testcase classname="test.Actitime_login_logout" name="login_logout" time="0.006">
    <skipped/>
  </testcase> <!-- login_logout -->
</testsuite> <!-- C -->
