<?xml version="1.0" encoding="UTF-8"?>
<!-- Generated by org.testng.reporters.JUnitXMLReporter -->
<testsuite hostname="Lenovo" failures="0" tests="1" name="edge" time="0.012" errors="0" timestamp="14 Jan 2023 13:06:57 GMT">
  <testcase classname="test.Actitime_login_logout" name="@BeforeMethod setup" time="0.0">
    <failure type="org.testng.TestNGException" message="
Parameter &amp;apos;BRS&amp;apos; is required by @Configuration on method setup but has not been marked @Optional or defined
in C:\Users\User\Desktop\Selenium 2022\Automation_Framework\testng.xml">
      <![CDATA[org.testng.TestNGException: 
Parameter 'BRS' is required by @Configuration on method setup but has not been marked @Optional or defined
in C:\Users\User\Desktop\Selenium 2022\Automation_Framework\testng.xml
... Removed 23 stack frames]]>
    </failure>
  </testcase> <!-- @BeforeMethod setup -->
  <testcase classname="test.Actitime_login_logout" name="@AfterMethod logoutfromapp" time="0.0">
    <skipped/>
  </testcase> <!-- @AfterMethod logoutfromapp -->
  <testcase classname="test.Actitime_login_logout" name="login_logout" time="0.002">
    <skipped/>
  </testcase> <!-- login_logout -->
</testsuite> <!-- edge -->
