<?xml version="1.0" encoding="UTF-8"?>
<!-- Generated by org.testng.reporters.JUnitXMLReporter -->
<testsuite ignored="1" hostname="C6-LAB-092" failures="1" tests="2" name="CreateCustomer" time="41.838" errors="0" timestamp="2023-07-28T11:02:16 IST">
  <testcase classname="test.Create_Customer" name="create__customner_" time="25.598"/>
  <testcase classname="test.Actitime_login_logout" name="login_logout" time="0.001">
    <failure type="java.lang.AssertionError" message="null">
      <![CDATA[java.lang.AssertionError: null
at test.Actitime_login_logout.login_logout(Actitime_login_logout.java:15)
at java.base/java.util.ArrayList.forEach(ArrayList.java:1511)
... Removed 29 stack frames]]>
    </failure>
  </testcase> <!-- login_logout -->
  <testcase classname="generics.Base_test" name="@BeforeSuite executionstart" time="0.0">
    <ignored/>
  </testcase> <!-- @BeforeSuite executionstart -->
</testsuite> <!-- CreateCustomer -->
